<?xml version="1.0" encoding="UTF-8"?>
<testng-results skipped="0" failed="0" ignored="0" total="1" passed="1">
  <reporter-output>
  </reporter-output>
  <suite name="Default suite" duration-ms="14377" started-at="2017-08-23T09:39:35Z" finished-at="2017-08-23T09:39:50Z">
    <groups>
    </groups>
    <test name="Default test" duration-ms="14377" started-at="2017-08-23T09:39:35Z" finished-at="2017-08-23T09:39:50Z">
      <class name="demo.Login">
        <test-method status="PASS" signature="login()[pri:0, instance:demo.Login@6a2bcfcb]" name="login" duration-ms="14349" started-at="2017-08-23T17:39:35Z" finished-at="2017-08-23T17:39:50Z">
          <reporter-output>
          </reporter-output>
        </test-method> <!-- login -->
      </class> <!-- demo.Login -->
    </test> <!-- Default test -->
  </suite> <!-- Default suite -->
</testng-results>
