<?xml version="1.0" encoding="UTF-8"?>
<!-- Generated by org.testng.reporters.JUnitXMLReporter -->
<testsuite hostname="WIN7-20161110QU" ignored="0" name="Test" tests="3" failures="0" timestamp="22 六月 2017 08:47:17 GMT" time="0.046" errors="0">
  <testcase name="initEnvironmentTest" time="0.01" classname="testngLearn.DependencyTestUsingAnnotation"/>
  <testcase name="testPrintMessage" time="0.004" classname="testngLearn.DependencyTestUsingAnnotation"/>
  <testcase name="testSalutationMessage" time="0.001" classname="testngLearn.DependencyTestUsingAnnotation"/>
</testsuite> <!-- Test -->
