<?xml version="1.0" encoding="UTF-8"?>
<!-- Generated by org.testng.reporters.JUnitXMLReporter -->
<testsuite hostname="WIN7-20161110QU" ignored="9" name="Default test" tests="1" failures="0" timestamp="31 八月 2017 07:05:06 GMT" time="3.015" errors="0">
  <testcase name="testLagou" time="2.988" classname="sads.tyt.DouBanBook1"/>
  <testcase name="testRespondTime" time="0.0" classname="sads.tyt.DouBanBook1">
    <ignored/>
  </testcase> <!-- testRespondTime -->
  <testcase name="testGetBook1" time="0.0" classname="sads.tyt.DouBanBook1">
    <ignored/>
  </testcase> <!-- testGetBook1 -->
  <testcase name="testGetBook1Count" time="0.0" classname="sads.tyt.DouBanBook1">
    <ignored/>
  </testcase> <!-- testGetBook1Count -->
  <testcase name="testShecma" time="0.0" classname="sads.tyt.DouBanBook1">
    <ignored/>
  </testcase> <!-- testShecma -->
  <testcase name="testBookDetail" time="0.0" classname="sads.tyt.DouBanBook1">
    <ignored/>
  </testcase> <!-- testBookDetail -->
  <testcase name="testDemo" time="0.0" classname="sads.tyt.DouBanBook1">
    <ignored/>
  </testcase> <!-- testDemo -->
  <testcase name="testStatus" time="0.0" classname="sads.tyt.DouBanBook1">
    <ignored/>
  </testcase> <!-- testStatus -->
  <testcase name="testNodeVerfiry" time="0.0" classname="sads.tyt.DouBanBook1">
    <ignored/>
  </testcase> <!-- testNodeVerfiry -->
  <testcase name="testCook_Header_Status" time="0.0" classname="sads.tyt.DouBanBook1">
    <ignored/>
  </testcase> <!-- testCook_Header_Status -->
</testsuite> <!-- Default test -->
