<?xml version="1.0" encoding="UTF-8"?>
<testng-results skipped="0" failed="0" ignored="9" total="10" passed="1">
  <reporter-output>
  </reporter-output>
  <suite name="Default suite" duration-ms="3015" started-at="2017-08-31T07:05:03Z" finished-at="2017-08-31T07:05:06Z">
    <groups>
    </groups>
    <test name="Default test" duration-ms="3015" started-at="2017-08-31T07:05:03Z" finished-at="2017-08-31T07:05:06Z">
      <class name="sads.tyt.DouBanBook1">
        <test-method status="PASS" signature="testLagou()[pri:0, instance:sads.tyt.DouBanBook1@42d80b78]" name="testLagou" duration-ms="2988" started-at="2017-08-31T15:05:03Z" finished-at="2017-08-31T15:05:06Z">
          <reporter-output>
          </reporter-output>
        </test-method> <!-- testLagou -->
      </class> <!-- sads.tyt.DouBanBook1 -->
    </test> <!-- Default test -->
  </suite> <!-- Default suite -->
</testng-results>
